<?xml version="1.0" encoding="UTF-8"?>
<testsuite name="Academy Choucair" tests="1" skipped="0" failures="0" errors="0" timestamp="2022-03-03T02:19:45" hostname="DESKTOP-QU0HTR0" time="32.723">
  <properties/>
  <testcase name="Search for a automation course" classname="Academy Choucair" time="32.723"/>
  <system-out><![CDATA[]]></system-out>
  <system-err><![CDATA[[Test worker] WARN net.thucydides.core.steps.BaseStepListener - stepStarted: net.thucydides.core.steps.ExecutedStepDescription@a384997
[Test worker] WARN net.thucydides.core.steps.BaseStepListener - stepStarted: net.thucydides.core.steps.ExecutedStepDescription@14b8808
[Test worker] WARN net.thucydides.core.steps.BaseStepListener - stepStarted: net.thucydides.core.steps.ExecutedStepDescription@121affc9
mar. 02, 2022 9:19:47 P.M. org.openqa.selenium.remote.DesiredCapabilities chrome
INFORMACIÓN: Using `new ChromeOptions()` is preferred to `DesiredCapabilities.chrome()`
[Test worker] INFO net.serenitybdd.core.webdriver.driverproviders.ProvideNewDriver - Instantiating driver
[Test worker] INFO net.serenitybdd.core.webdriver.driverproviders.ProvideNewDriver - Driver capabilities: Capabilities {acceptInsecureCerts: false, browserName: chrome, chrome.switches: --start-maximized, goog:chromeOptions: {args: [--start-maximized], extensions: []}, loggingPrefs: org.openqa.selenium.logging..., platform: ANY, version: }
Starting ChromeDriver 98.0.4758.102 (273bf7ac8c909cde36982d27f66f3c70846a3718-refs/branch-heads/4758@{#1151}) on port 2434
Only local connections are allowed.
Please see https://chromedriver.chromium.org/security-considerations for suggestions on keeping ChromeDriver safe.
ChromeDriver was started successfully.
mar. 02, 2022 9:19:53 P.M. org.openqa.selenium.remote.ProtocolHandshake createSession
INFORMACIÓN: Detected dialect: W3C
[Test worker] WARN net.thucydides.core.steps.BaseStepListener - stepFinished: current outcome:Search for a automation course:Example: {strUser=1097403669, strPassword=Choucair2021*, strCourse=Foundation Level} [Given than brandon wants to learn automation at the academy Choucair
| strUser | strPassword |
| 1097403669 | Choucair2021* | [Brandon open up [Brandon opens the Choucair academy page]]]
[Test worker] WARN net.thucydides.core.steps.BaseStepListener - stepFinished: current outcome:Search for a automation course:Example: {strUser=1097403669, strPassword=Choucair2021*, strCourse=Foundation Level} [Given than brandon wants to learn automation at the academy Choucair
| strUser | strPassword |
| 1097403669 | Choucair2021* | [Brandon open up [Brandon opens the Choucair academy page]]]
[Test worker] WARN net.thucydides.core.steps.BaseStepListener - stepStarted: net.thucydides.core.steps.ExecutedStepDescription@36e1d56f
[Test worker] WARN net.thucydides.core.steps.BaseStepListener - stepStarted: net.thucydides.core.steps.ExecutedStepDescription@4ea3403
[Test worker] WARN net.thucydides.core.steps.BaseStepListener - stepFinished: current outcome:Search for a automation course:Example: {strUser=1097403669, strPassword=Choucair2021*, strCourse=Foundation Level} [Given than brandon wants to learn automation at the academy Choucair
| strUser | strPassword |
| 1097403669 | Choucair2021* | [Brandon open up [Brandon opens the Choucair academy page], Brandon login [Brandon clicks on button that shows us the form to login]]]
[Test worker] WARN net.thucydides.core.steps.BaseStepListener - stepStarted: net.thucydides.core.steps.ExecutedStepDescription@19c0d8af
[Test worker] WARN net.thucydides.core.steps.BaseStepListener - stepFinished: current outcome:Search for a automation course:Example: {strUser=1097403669, strPassword=Choucair2021*, strCourse=Foundation Level} [Given than brandon wants to learn automation at the academy Choucair
| strUser | strPassword |
| 1097403669 | Choucair2021* | [Brandon open up [Brandon opens the Choucair academy page], Brandon login [Brandon clicks on button that shows us the form to login, Brandon enters '1097403669' into where do we write the user]]]
[Test worker] WARN net.thucydides.core.steps.BaseStepListener - stepStarted: net.thucydides.core.steps.ExecutedStepDescription@588d6008
[Test worker] WARN net.thucydides.core.steps.BaseStepListener - stepFinished: current outcome:Search for a automation course:Example: {strUser=1097403669, strPassword=Choucair2021*, strCourse=Foundation Level} [Given than brandon wants to learn automation at the academy Choucair
| strUser | strPassword |
| 1097403669 | Choucair2021* | [Brandon open up [Brandon opens the Choucair academy page], Brandon login [Brandon clicks on button that shows us the form to login, Brandon enters '1097403669' into where do we write the user, Brandon enters 'Choucair2021*' into where do we write the password]]]
[Test worker] WARN net.thucydides.core.steps.BaseStepListener - stepStarted: net.thucydides.core.steps.ExecutedStepDescription@654d1245
[Test worker] WARN net.thucydides.core.steps.BaseStepListener - stepFinished: current outcome:Search for a automation course:Example: {strUser=1097403669, strPassword=Choucair2021*, strCourse=Foundation Level} [Given than brandon wants to learn automation at the academy Choucair
| strUser | strPassword |
| 1097403669 | Choucair2021* | [Brandon open up [Brandon opens the Choucair academy page], Brandon login [Brandon clicks on button that shows us the form to login, Brandon enters '1097403669' into where do we write the user, Brandon enters 'Choucair2021*' into where do we write the password, Brandon clicks on button to confirm login]]]
[Test worker] WARN net.thucydides.core.steps.BaseStepListener - stepFinished: current outcome:Search for a automation course:Example: {strUser=1097403669, strPassword=Choucair2021*, strCourse=Foundation Level} [Given than brandon wants to learn automation at the academy Choucair
| strUser | strPassword |
| 1097403669 | Choucair2021* | [Brandon open up [Brandon opens the Choucair academy page], Brandon login [Brandon clicks on button that shows us the form to login, Brandon enters '1097403669' into where do we write the user, Brandon enters 'Choucair2021*' into where do we write the password, Brandon clicks on button to confirm login]]]
[Test worker] WARN net.thucydides.core.steps.BaseStepListener - stepFinished: current outcome:Search for a automation course:Example: {strUser=1097403669, strPassword=Choucair2021*, strCourse=Foundation Level} [Given than brandon wants to learn automation at the academy Choucair
| strUser | strPassword |
| 1097403669 | Choucair2021* | [Brandon open up [Brandon opens the Choucair academy page], Brandon login [Brandon clicks on button that shows us the form to login, Brandon enters '1097403669' into where do we write the user, Brandon enters 'Choucair2021*' into where do we write the password, Brandon clicks on button to confirm login]]]
[Test worker] WARN net.thucydides.core.steps.BaseStepListener - stepStarted: net.thucydides.core.steps.ExecutedStepDescription@ea17137
[Test worker] WARN net.thucydides.core.steps.BaseStepListener - stepStarted: net.thucydides.core.steps.ExecutedStepDescription@850d957
[Test worker] WARN net.thucydides.core.steps.BaseStepListener - stepStarted: net.thucydides.core.steps.ExecutedStepDescription@c77ec8d
[Test worker] WARN net.thucydides.core.steps.BaseStepListener - stepFinished: current outcome:Search for a automation course:Example: {strUser=1097403669, strPassword=Choucair2021*, strCourse=Foundation Level} [Given than brandon wants to learn automation at the academy Choucair
| strUser | strPassword |
| 1097403669 | Choucair2021* | [Brandon open up [Brandon opens the Choucair academy page], Brandon login [Brandon clicks on button that shows us the form to login, Brandon enters '1097403669' into where do we write the user, Brandon enters 'Choucair2021*' into where do we write the password, Brandon clicks on button to confirm login]], When he search for the course on the choucair academy platform
| strCourse |
| Foundation Level | [Brandon search [Brandon clicks on Selecciona Cursos y Certificaciones]]]
[Test worker] WARN net.thucydides.core.steps.BaseStepListener - stepStarted: net.thucydides.core.steps.ExecutedStepDescription@64b59e9b
[Test worker] WARN net.thucydides.core.steps.BaseStepListener - stepFinished: current outcome:Search for a automation course:Example: {strUser=1097403669, strPassword=Choucair2021*, strCourse=Foundation Level} [Given than brandon wants to learn automation at the academy Choucair
| strUser | strPassword |
| 1097403669 | Choucair2021* | [Brandon open up [Brandon opens the Choucair academy page], Brandon login [Brandon clicks on button that shows us the form to login, Brandon enters '1097403669' into where do we write the user, Brandon enters 'Choucair2021*' into where do we write the password, Brandon clicks on button to confirm login]], When he search for the course on the choucair academy platform
| strCourse |
| Foundation Level | [Brandon search [Brandon clicks on Selecciona Cursos y Certificaciones, Brandon enters 'Foundation Level' into Buscar cursos]]]
[Test worker] WARN net.thucydides.core.steps.BaseStepListener - stepStarted: net.thucydides.core.steps.ExecutedStepDescription@4eb35263
[Test worker] WARN net.thucydides.core.steps.BaseStepListener - stepFinished: current outcome:Search for a automation course:Example: {strUser=1097403669, strPassword=Choucair2021*, strCourse=Foundation Level} [Given than brandon wants to learn automation at the academy Choucair
| strUser | strPassword |
| 1097403669 | Choucair2021* | [Brandon open up [Brandon opens the Choucair academy page], Brandon login [Brandon clicks on button that shows us the form to login, Brandon enters '1097403669' into where do we write the user, Brandon enters 'Choucair2021*' into where do we write the password, Brandon clicks on button to confirm login]], When he search for the course on the choucair academy platform
| strCourse |
| Foundation Level | [Brandon search [Brandon clicks on Selecciona Cursos y Certificaciones, Brandon enters 'Foundation Level' into Buscar cursos, Brandon clicks on Da click a Ir]]]
[Test worker] WARN net.thucydides.core.steps.BaseStepListener - stepStarted: net.thucydides.core.steps.ExecutedStepDescription@411a788e
[Test worker] WARN net.thucydides.core.steps.BaseStepListener - stepFinished: current outcome:Search for a automation course:Example: {strUser=1097403669, strPassword=Choucair2021*, strCourse=Foundation Level} [Given than brandon wants to learn automation at the academy Choucair
| strUser | strPassword |
| 1097403669 | Choucair2021* | [Brandon open up [Brandon opens the Choucair academy page], Brandon login [Brandon clicks on button that shows us the form to login, Brandon enters '1097403669' into where do we write the user, Brandon enters 'Choucair2021*' into where do we write the password, Brandon clicks on button to confirm login]], When he search for the course on the choucair academy platform
| strCourse |
| Foundation Level | [Brandon search [Brandon clicks on Selecciona Cursos y Certificaciones, Brandon enters 'Foundation Level' into Buscar cursos, Brandon clicks on Da click a Ir, Brandon clicks on Da clic para buscar el curso]]]
[Test worker] WARN net.thucydides.core.steps.BaseStepListener - stepFinished: current outcome:Search for a automation course:Example: {strUser=1097403669, strPassword=Choucair2021*, strCourse=Foundation Level} [Given than brandon wants to learn automation at the academy Choucair
| strUser | strPassword |
| 1097403669 | Choucair2021* | [Brandon open up [Brandon opens the Choucair academy page], Brandon login [Brandon clicks on button that shows us the form to login, Brandon enters '1097403669' into where do we write the user, Brandon enters 'Choucair2021*' into where do we write the password, Brandon clicks on button to confirm login]], When he search for the course on the choucair academy platform
| strCourse |
| Foundation Level | [Brandon search [Brandon clicks on Selecciona Cursos y Certificaciones, Brandon enters 'Foundation Level' into Buscar cursos, Brandon clicks on Da click a Ir, Brandon clicks on Da clic para buscar el curso]]]
[Test worker] WARN net.thucydides.core.steps.BaseStepListener - stepFinished: current outcome:Search for a automation course:Example: {strUser=1097403669, strPassword=Choucair2021*, strCourse=Foundation Level} [Given than brandon wants to learn automation at the academy Choucair
| strUser | strPassword |
| 1097403669 | Choucair2021* | [Brandon open up [Brandon opens the Choucair academy page], Brandon login [Brandon clicks on button that shows us the form to login, Brandon enters '1097403669' into where do we write the user, Brandon enters 'Choucair2021*' into where do we write the password, Brandon clicks on button to confirm login]], When he search for the course on the choucair academy platform
| strCourse |
| Foundation Level | [Brandon search [Brandon clicks on Selecciona Cursos y Certificaciones, Brandon enters 'Foundation Level' into Buscar cursos, Brandon clicks on Da click a Ir, Brandon clicks on Da clic para buscar el curso]]]
[Test worker] WARN net.thucydides.core.steps.BaseStepListener - stepStarted: net.thucydides.core.steps.ExecutedStepDescription@19844840
[Test worker] WARN net.thucydides.core.steps.BaseStepListener - stepStarted: net.thucydides.core.steps.ExecutedStepDescription@10e956dd
[Test worker] WARN net.thucydides.core.steps.BaseStepListener - stepFinished: current outcome:Search for a automation course:Example: {strUser=1097403669, strPassword=Choucair2021*, strCourse=Foundation Level} [Given than brandon wants to learn automation at the academy Choucair
| strUser | strPassword |
| 1097403669 | Choucair2021* | [Brandon open up [Brandon opens the Choucair academy page], Brandon login [Brandon clicks on button that shows us the form to login, Brandon enters '1097403669' into where do we write the user, Brandon enters 'Choucair2021*' into where do we write the password, Brandon clicks on button to confirm login]], When he search for the course on the choucair academy platform
| strCourse |
| Foundation Level | [Brandon search [Brandon clicks on Selecciona Cursos y Certificaciones, Brandon enters 'Foundation Level' into Buscar cursos, Brandon clicks on Da click a Ir, Brandon clicks on Da clic para buscar el curso]], Then he finds the course called
| strCourse |
| Foundation Level | [Then answer]]
[Test worker] WARN net.thucydides.core.steps.BaseStepListener - stepFinished: current outcome:Search for a automation course:Example: {strUser=1097403669, strPassword=Choucair2021*, strCourse=Foundation Level} [Given than brandon wants to learn automation at the academy Choucair
| strUser | strPassword |
| 1097403669 | Choucair2021* | [Brandon open up [Brandon opens the Choucair academy page], Brandon login [Brandon clicks on button that shows us the form to login, Brandon enters '1097403669' into where do we write the user, Brandon enters 'Choucair2021*' into where do we write the password, Brandon clicks on button to confirm login]], When he search for the course on the choucair academy platform
| strCourse |
| Foundation Level | [Brandon search [Brandon clicks on Selecciona Cursos y Certificaciones, Brandon enters 'Foundation Level' into Buscar cursos, Brandon clicks on Da click a Ir, Brandon clicks on Da clic para buscar el curso]], Then he finds the course called
| strCourse |
| Foundation Level | [Then answer]]
[Test worker] WARN net.thucydides.core.steps.BaseStepListener - stepFinished: current outcome:Search for a automation course:Example: {strUser=1097403669, strPassword=Choucair2021*, strCourse=Foundation Level} [Given than brandon wants to learn automation at the academy Choucair
| strUser | strPassword |
| 1097403669 | Choucair2021* | [Brandon open up [Brandon opens the Choucair academy page], Brandon login [Brandon clicks on button that shows us the form to login, Brandon enters '1097403669' into where do we write the user, Brandon enters 'Choucair2021*' into where do we write the password, Brandon clicks on button to confirm login]], When he search for the course on the choucair academy platform
| strCourse |
| Foundation Level | [Brandon search [Brandon clicks on Selecciona Cursos y Certificaciones, Brandon enters 'Foundation Level' into Buscar cursos, Brandon clicks on Da click a Ir, Brandon clicks on Da clic para buscar el curso]], Then he finds the course called
| strCourse |
| Foundation Level | [Then answer]]
[Test worker] WARN net.thucydides.core.steps.BaseStepListener - testFinished: Search for a automation course:Example: {strUser=1097403669, strPassword=Choucair2021*, strCourse=Foundation Level} [Given than brandon wants to learn automation at the academy Choucair
| strUser | strPassword |
| 1097403669 | Choucair2021* | [Brandon open up [Brandon opens the Choucair academy page], Brandon login [Brandon clicks on button that shows us the form to login, Brandon enters '1097403669' into where do we write the user, Brandon enters 'Choucair2021*' into where do we write the password, Brandon clicks on button to confirm login]], When he search for the course on the choucair academy platform
| strCourse |
| Foundation Level | [Brandon search [Brandon clicks on Selecciona Cursos y Certificaciones, Brandon enters 'Foundation Level' into Buscar cursos, Brandon clicks on Da click a Ir, Brandon clicks on Da clic para buscar el curso]], Then he finds the course called
| strCourse |
| Foundation Level | [Then answer]]
[Test worker] WARN net.thucydides.core.steps.BaseStepListener - TestOutcomes: [Search for a automation course:Example: {strUser=1097403669, strPassword=Choucair2021*, strCourse=Foundation Level} [Given than brandon wants to learn automation at the academy Choucair
| strUser | strPassword |
| 1097403669 | Choucair2021* | [Brandon open up [Brandon opens the Choucair academy page], Brandon login [Brandon clicks on button that shows us the form to login, Brandon enters '1097403669' into where do we write the user, Brandon enters 'Choucair2021*' into where do we write the password, Brandon clicks on button to confirm login]], When he search for the course on the choucair academy platform
| strCourse |
| Foundation Level | [Brandon search [Brandon clicks on Selecciona Cursos y Certificaciones, Brandon enters 'Foundation Level' into Buscar cursos, Brandon clicks on Da click a Ir, Brandon clicks on Da clic para buscar el curso]], Then he finds the course called
| strCourse |
| Foundation Level | [Then answer]]]
[Test worker] WARN net.thucydides.core.steps.BaseStepListener - Final testOutcomes: [Search for a automation course:Example: {strUser=1097403669, strPassword=Choucair2021*, strCourse=Foundation Level} [Given than brandon wants to learn automation at the academy Choucair
| strUser | strPassword |
| 1097403669 | Choucair2021* | [Brandon open up [Brandon opens the Choucair academy page], Brandon login [Brandon clicks on button that shows us the form to login, Brandon enters '1097403669' into where do we write the user, Brandon enters 'Choucair2021*' into where do we write the password, Brandon clicks on button to confirm login]], When he search for the course on the choucair academy platform
| strCourse |
| Foundation Level | [Brandon search [Brandon clicks on Selecciona Cursos y Certificaciones, Brandon enters 'Foundation Level' into Buscar cursos, Brandon clicks on Da click a Ir, Brandon clicks on Da clic para buscar el curso]], Then he finds the course called
| strCourse |
| Foundation Level | [Then answer]]]
[Test worker] INFO net.thucydides.core.steps.ConsoleLoggingListener - 
        __    _____ _____ ____ _____   ____   _    ____  ____  _____ ____  
  _     \ \  |_   _| ____/ ___|_   _| |  _ \ / \  / ___|/ ___|| ____|  _ \ 
 (_)_____| |   | | |  _| \___ \ | |   | |_) / _ \ \___ \\___ \|  _| | | | |
  _|_____| |   | | | |___ ___) || |   |  __/ ___ \ ___) |___) | |___| |_| |
 (_)     | |   |_| |_____|____/ |_|   |_| /_/   \_\____/|____/|_____|____/ 
        /_/                                                                

TEST PASSED: Search for a automation course
----------------------------------------------------------------------------
]]></system-err>
</testsuite>
